<?xml version="1.0" encoding="UTF-8"?>
<!-- Generated by org.testng.reporters.JUnitReportReporter -->
<testsuite hostname="haparla-5CG5070MBC" failures="0" tests="1" name="locatorsDemo.LinkTextndPartialLink" time="35.880" errors="0" timestamp="2025-07-25T14:59:54 IST" skipped="0">
  <testcase classname="locatorsDemo.LinkTextndPartialLink" name="linkTest" time="35.880"/>
</testsuite> <!-- locatorsDemo.LinkTextndPartialLink -->
